<?xml version="1.0" encoding="UTF-8"?>
<!-- Generated by org.testng.reporters.JUnitReportReporter -->
<testsuite skipped="0" hostname="DESKTOP-SFC0TF7" name="pack1.SampleClass" tests="2" failures="0" timestamp="29 Sep 2020 13:37:36 GMT" time="19.707" errors="0">
  <testcase name="setUp2" time="12.077" classname="pack1.SampleClass"/>
  <testcase name="setUp1" time="7.630" classname="pack1.SampleClass"/>
</testsuite> <!-- pack1.SampleClass -->
