<?xml version="1.0" encoding="UTF-8"?>
<!-- Generated by org.testng.reporters.JUnitReportReporter -->
<testsuite skipped="0" hostname="DESKTOP-SFC0TF7" name="pcak1.SampleClass" tests="2" failures="0" timestamp="29 Sep 2020 12:07:00 GMT" time="15.615" errors="0">
  <testcase name="setUp1" time="7.955" classname="pcak1.SampleClass"/>
  <testcase name="setUp2" time="7.660" classname="pcak1.SampleClass"/>
</testsuite> <!-- pcak1.SampleClass -->
